Build started 19.11.2019 13:11:38.
     1>Project "C:\Users\Ionut\Desktop\IOC GITHUB\IOC\OpenCVApplication-VS2013_2413_basic_IOM\OpenCVApplication.vcxproj" on node 2 (Build target(s)).
     1>ClCompile:
         C:\Program Files (x86)\Microsoft Visual Studio 12.0\VC\bin\CL.exe /c /IOpenCV/Include /ZI /nologo /W3 /WX- /sdl /Od /Oy- /D WIN32 /D _DEBUG /D _CONSOLE /D _CRT_SECURE_NO_WARNINGS /D _MBCS /Gm /EHsc /RTC1 /MDd /GS /fp:precise /Zc:wchar_t /Zc:forScope /Yu"stdafx.h" /Fp"Debug\OpenCVApplication.pch" /Fo"Debug\\" /Fd"Debug\vc120.pdb" /Gd /TP /analyze- /errorReport:prompt Functions.cpp
         Functions.cpp
     1>c:\users\ionut\desktop\ioc github\ioc\opencvapplication-vs2013_2413_basic_iom\functions.cpp(11): warning C4305: 'initializing' : truncation from 'double' to 'float'
     1>c:\users\ionut\desktop\ioc github\ioc\opencvapplication-vs2013_2413_basic_iom\functions.cpp(199): warning C4018: '<' : signed/unsigned mismatch
     1>c:\users\ionut\desktop\ioc github\ioc\opencvapplication-vs2013_2413_basic_iom\functions.cpp(334): warning C4244: '=' : conversion from 'float' to 'unsigned char', possible loss of data
     1>c:\users\ionut\desktop\ioc github\ioc\opencvapplication-vs2013_2413_basic_iom\functions.cpp(335): warning C4244: '=' : conversion from 'float' to 'unsigned char', possible loss of data
     1>c:\users\ionut\desktop\ioc github\ioc\opencvapplication-vs2013_2413_basic_iom\functions.cpp(336): warning C4244: '=' : conversion from 'float' to 'unsigned char', possible loss of data
     1>c:\users\ionut\desktop\ioc github\ioc\opencvapplication-vs2013_2413_basic_iom\functions.cpp(413): warning C4244: 'argument' : conversion from 'double' to 'int', possible loss of data
     1>c:\users\ionut\desktop\ioc github\ioc\opencvapplication-vs2013_2413_basic_iom\functions.cpp(427): warning C4244: 'initializing' : conversion from 'double' to 'float', possible loss of data
     1>c:\users\ionut\desktop\ioc github\ioc\opencvapplication-vs2013_2413_basic_iom\functions.cpp(428): warning C4244: 'initializing' : conversion from 'double' to 'float', possible loss of data
     1>c:\users\ionut\desktop\ioc github\ioc\opencvapplication-vs2013_2413_basic_iom\functions.cpp(437): warning C4244: '=' : conversion from 'double' to 'float', possible loss of data
     1>c:\users\ionut\desktop\ioc github\ioc\opencvapplication-vs2013_2413_basic_iom\functions.cpp(438): warning C4244: '=' : conversion from 'double' to 'float', possible loss of data
     1>c:\users\ionut\desktop\ioc github\ioc\opencvapplication-vs2013_2413_basic_iom\functions.cpp(439): warning C4244: '=' : conversion from 'double' to 'float', possible loss of data
     1>c:\users\ionut\desktop\ioc github\ioc\opencvapplication-vs2013_2413_basic_iom\functions.cpp(440): warning C4244: '=' : conversion from 'double' to 'float', possible loss of data
     1>c:\users\ionut\desktop\ioc github\ioc\opencvapplication-vs2013_2413_basic_iom\functions.cpp(443): warning C4244: '=' : conversion from 'float' to 'int', possible loss of data
     1>c:\users\ionut\desktop\ioc github\ioc\opencvapplication-vs2013_2413_basic_iom\functions.cpp(446): warning C4244: '=' : conversion from 'float' to 'int', possible loss of data
     1>c:\users\ionut\desktop\ioc github\ioc\opencvapplication-vs2013_2413_basic_iom\functions.cpp(448): warning C4244: '=' : conversion from 'float' to 'int', possible loss of data
     1>c:\users\ionut\desktop\ioc github\ioc\opencvapplication-vs2013_2413_basic_iom\functions.cpp(451): warning C4244: '=' : conversion from 'float' to 'int', possible loss of data
     1>c:\users\ionut\desktop\ioc github\ioc\opencvapplication-vs2013_2413_basic_iom\functions.cpp(492): warning C4018: '<' : signed/unsigned mismatch
     1>c:\users\ionut\desktop\ioc github\ioc\opencvapplication-vs2013_2413_basic_iom\functions.cpp(494): warning C4244: 'argument' : conversion from 'double' to 'int', possible loss of data
     1>c:\users\ionut\desktop\ioc github\ioc\opencvapplication-vs2013_2413_basic_iom\functions.cpp(496): warning C4244: 'argument' : conversion from 'double' to 'int', possible loss of data
     1>c:\users\ionut\desktop\ioc github\ioc\opencvapplication-vs2013_2413_basic_iom\functions.cpp(506): warning C4018: '<' : signed/unsigned mismatch
     1>c:\users\ionut\desktop\ioc github\ioc\opencvapplication-vs2013_2413_basic_iom\functions.cpp(510): warning C4244: 'argument' : conversion from 'double' to 'int', possible loss of data
     1>c:\users\ionut\desktop\ioc github\ioc\opencvapplication-vs2013_2413_basic_iom\functions.cpp(529): warning C4018: '<' : signed/unsigned mismatch
     1>c:\users\ionut\desktop\ioc github\ioc\opencvapplication-vs2013_2413_basic_iom\functions.cpp(532): warning C4244: 'argument' : conversion from 'double' to 'int', possible loss of data
     1>c:\users\ionut\desktop\ioc github\ioc\opencvapplication-vs2013_2413_basic_iom\functions.cpp(534): warning C4244: 'argument' : conversion from 'double' to 'int', possible loss of data
     1>c:\users\ionut\desktop\ioc github\ioc\opencvapplication-vs2013_2413_basic_iom\functions.cpp(542): warning C4244: '=' : conversion from 'double' to 'int', possible loss of data
     1>c:\users\ionut\desktop\ioc github\ioc\opencvapplication-vs2013_2413_basic_iom\functions.cpp(544): warning C4244: '=' : conversion from 'double' to 'int', possible loss of data
     1>c:\users\ionut\desktop\ioc github\ioc\opencvapplication-vs2013_2413_basic_iom\functions.cpp(551): warning C4018: '<' : signed/unsigned mismatch
     1>c:\users\ionut\desktop\ioc github\ioc\opencvapplication-vs2013_2413_basic_iom\functions.cpp(554): warning C4244: '=' : conversion from 'double' to 'int', possible loss of data
     1>c:\users\ionut\desktop\ioc github\ioc\opencvapplication-vs2013_2413_basic_iom\functions.cpp(571): warning C4244: '=' : conversion from 'double' to 'int', possible loss of data
     1>c:\users\ionut\desktop\ioc github\ioc\opencvapplication-vs2013_2413_basic_iom\functions.cpp(573): warning C4244: '=' : conversion from 'double' to 'int', possible loss of data
     1>c:\users\ionut\desktop\ioc github\ioc\opencvapplication-vs2013_2413_basic_iom\functions.cpp(578): warning C4018: '<' : signed/unsigned mismatch
     1>c:\users\ionut\desktop\ioc github\ioc\opencvapplication-vs2013_2413_basic_iom\functions.cpp(581): warning C4244: '=' : conversion from 'double' to 'int', possible loss of data
     1>c:\users\ionut\desktop\ioc github\ioc\opencvapplication-vs2013_2413_basic_iom\functions.cpp(589): warning C4244: '=' : conversion from 'double' to 'int', possible loss of data
     1>c:\users\ionut\desktop\ioc github\ioc\opencvapplication-vs2013_2413_basic_iom\functions.cpp(591): warning C4244: '=' : conversion from 'double' to 'int', possible loss of data
     1>c:\users\ionut\desktop\ioc github\ioc\opencvapplication-vs2013_2413_basic_iom\functions.cpp(597): warning C4018: '<' : signed/unsigned mismatch
     1>c:\users\ionut\desktop\ioc github\ioc\opencvapplication-vs2013_2413_basic_iom\functions.cpp(600): warning C4244: '=' : conversion from 'double' to 'int', possible loss of data
       Link:
         C:\Program Files (x86)\Microsoft Visual Studio 12.0\VC\bin\link.exe /ERRORREPORT:PROMPT /OUT:"C:\Users\Ionut\Desktop\IOC GITHUB\IOC\OpenCVApplication-VS2013_2413_basic_IOM\Debug\OpenCVApplication.exe" /INCREMENTAL /NOLOGO /LIBPATH:OpenCV/Lib opencv_calib3d2413d.lib opencv_contrib2413d.lib opencv_core2413d.lib opencv_features2d2413d.lib opencv_flann2413d.lib opencv_gpu2413d.lib opencv_highgui2413d.lib opencv_imgproc2413d.lib opencv_legacy2413d.lib opencv_ml2413d.lib opencv_nonfree2413d.lib opencv_objdetect2413d.lib opencv_ocl2413d.lib opencv_photo2413d.lib opencv_stitching2413d.lib opencv_superres2413d.lib opencv_ts2413d.lib opencv_video2413d.lib opencv_videostab2413d.lib kernel32.lib user32.lib gdi32.lib winspool.lib comdlg32.lib advapi32.lib shell32.lib ole32.lib oleaut32.lib uuid.lib odbc32.lib odbccp32.lib /MANIFEST /MANIFESTUAC:"level='asInvoker' uiAccess='false'" /manifest:embed /DEBUG /PDB:"C:\Users\Ionut\Desktop\IOC GITHUB\IOC\OpenCVApplication-VS2013_2413_basic_IOM\Debug\OpenCVApplication.pdb" /SUBSYSTEM:CONSOLE /TLBID:1 /DYNAMICBASE /NXCOMPAT /IMPLIB:"C:\Users\Ionut\Desktop\IOC GITHUB\IOC\OpenCVApplication-VS2013_2413_basic_IOM\Debug\OpenCVApplication.lib" /MACHINE:X86 Debug\colorcode.obj
         Debug\common.obj
         Debug\Functions.obj
         Debug\OpenCVApplication.obj
         Debug\stdafx.obj
         OpenCVApplication.vcxproj -> C:\Users\Ionut\Desktop\IOC GITHUB\IOC\OpenCVApplication-VS2013_2413_basic_IOM\Debug\OpenCVApplication.exe
       PostBuildEvent:
         copy OpenCV\dll\Debug\*.dll Debug
         :VCEnd
         OpenCV\dll\Debug\opencv_calib3d2413d.dll
         OpenCV\dll\Debug\opencv_contrib2413d.dll
         OpenCV\dll\Debug\opencv_core2413d.dll
         OpenCV\dll\Debug\opencv_features2d2413d.dll
         OpenCV\dll\Debug\opencv_ffmpeg2413.dll
         OpenCV\dll\Debug\opencv_flann2413d.dll
         OpenCV\dll\Debug\opencv_gpu2413d.dll
         OpenCV\dll\Debug\opencv_highgui2413d.dll
         OpenCV\dll\Debug\opencv_imgproc2413d.dll
         OpenCV\dll\Debug\opencv_legacy2413d.dll
         OpenCV\dll\Debug\opencv_ml2413d.dll
         OpenCV\dll\Debug\opencv_nonfree2413d.dll
         OpenCV\dll\Debug\opencv_objdetect2413d.dll
         OpenCV\dll\Debug\opencv_ocl2413d.dll
         OpenCV\dll\Debug\opencv_photo2413d.dll
         OpenCV\dll\Debug\opencv_stitching2413d.dll
         OpenCV\dll\Debug\opencv_superres2413d.dll
         OpenCV\dll\Debug\opencv_video2413d.dll
         OpenCV\dll\Debug\opencv_videostab2413d.dll
                19 file(s) copied.
     1>Done Building Project "C:\Users\Ionut\Desktop\IOC GITHUB\IOC\OpenCVApplication-VS2013_2413_basic_IOM\OpenCVApplication.vcxproj" (Build target(s)).

Build succeeded.

Time Elapsed 00:00:02.59
